<?xml version="1.0" encoding="UTF-8"?>
<!-- Generated by org.testng.reporters.JUnitXMLReporter -->
<testsuite hostname="ATMECSINLT-002" ignored="0" name="Test2" tests="4" failures="0" timestamp="2019-11-08T21:10:19 IST" time="26.369" errors="0">
  <testcase name="setURL" time="3.406" classname="com.tutoralninja.testscenario.TutorialNinjaProductValidationScenaio"/>
  <testcase name="scenario" time="4.956" classname="com.tutoralninja.testscenario.TutorialNinjaProductValidationScenaio"/>
  <testcase name="scenario" time="3.971" classname="com.tutoralninja.testscenario.TutorialNinjaProductValidationScenaio"/>
  <testcase name="validateItemsInCart" time="4.02" classname="com.tutoralninja.testscenario.TutorialNinjaProductValidationScenaio"/>
</testsuite> <!-- Test2 -->
