<?xml version="1.0" encoding="UTF-8"?>
<testng-results skipped="0" failed="0" ignored="0" total="6" passed="6">
  <reporter-output>
  </reporter-output>
  <suite name="Suite1" duration-ms="45727" started-at="2019-11-08T21:09:33 IST" finished-at="2019-11-08T21:10:19 IST">
    <groups>
    </groups>
    <test name="Test1" duration-ms="19298" started-at="2019-11-08T21:09:33 IST" finished-at="2019-11-08T21:09:52 IST">
      <class name="com.tutoralninja.testscenario.HeatClinicWebsiteScenario">
        <test-method status="PASS" signature="setBrowser(java.lang.String)[pri:0, instance:com.tutoralninja.testscenario.HeatClinicWebsiteScenario@7a3d45bd]" name="setBrowser" is-config="true" duration-ms="11859" started-at="2019-11-08T21:09:33 IST" finished-at="2019-11-08T21:09:45 IST">
          <params>
            <param index="0">
              <value>
                <![CDATA[chrome]]>
              </value>
            </param>
          </params>
          <reporter-output>
          </reporter-output>
        </test-method> <!-- setBrowser -->
        <test-method status="PASS" signature="setURL()[pri:1, instance:com.tutoralninja.testscenario.HeatClinicWebsiteScenario@7a3d45bd]" name="setURL" duration-ms="1372" started-at="2019-11-08T21:09:45 IST" finished-at="2019-11-08T21:09:46 IST">
          <reporter-output>
          </reporter-output>
        </test-method> <!-- setURL -->
        <test-method status="PASS" signature="menuValidation()[pri:2, instance:com.tutoralninja.testscenario.HeatClinicWebsiteScenario@7a3d45bd]" name="menuValidation" duration-ms="5996" started-at="2019-11-08T21:09:46 IST" finished-at="2019-11-08T21:09:52 IST">
          <reporter-output>
          </reporter-output>
        </test-method> <!-- menuValidation -->
      </class> <!-- com.tutoralninja.testscenario.HeatClinicWebsiteScenario -->
    </test> <!-- Test1 -->
    <test name="Test2" duration-ms="26369" started-at="2019-11-08T21:09:53 IST" finished-at="2019-11-08T21:10:19 IST">
      <class name="com.tutoralninja.testscenario.TutorialNinjaProductValidationScenaio">
        <test-method status="PASS" signature="setBrowser(java.lang.String)[pri:0, instance:com.tutoralninja.testscenario.TutorialNinjaProductValidationScenaio@553a3d88]" name="setBrowser" is-config="true" duration-ms="9884" started-at="2019-11-08T21:09:53 IST" finished-at="2019-11-08T21:10:02 IST">
          <params>
            <param index="0">
              <value>
                <![CDATA[chrome]]>
              </value>
            </param>
          </params>
          <reporter-output>
          </reporter-output>
        </test-method> <!-- setBrowser -->
        <test-method status="PASS" signature="setURL()[pri:1, instance:com.tutoralninja.testscenario.TutorialNinjaProductValidationScenaio@553a3d88]" name="setURL" duration-ms="3406" started-at="2019-11-08T21:10:02 IST" finished-at="2019-11-08T21:10:06 IST">
          <reporter-output>
          </reporter-output>
        </test-method> <!-- setURL -->
        <test-method status="PASS" signature="scenario(java.lang.String, java.lang.String, java.lang.String, java.lang.String)[pri:2, instance:com.tutoralninja.testscenario.TutorialNinjaProductValidationScenaio@553a3d88]" name="scenario" duration-ms="4956" started-at="2019-11-08T21:10:06 IST" data-provider="productDetails" finished-at="2019-11-08T21:10:11 IST">
          <params>
            <param index="0">
              <value>
                <![CDATA[iPhone]]>
              </value>
            </param>
            <param index="1">
              <value>
                <![CDATA[2.0]]>
              </value>
            </param>
            <param index="2">
              <value>
                <![CDATA[123.2]]>
              </value>
            </param>
            <param index="3">
              <value>
                <![CDATA[101.0]]>
              </value>
            </param>
          </params>
          <reporter-output>
          </reporter-output>
        </test-method> <!-- scenario -->
        <test-method status="PASS" signature="scenario(java.lang.String, java.lang.String, java.lang.String, java.lang.String)[pri:2, instance:com.tutoralninja.testscenario.TutorialNinjaProductValidationScenaio@553a3d88]" name="scenario" duration-ms="3971" started-at="2019-11-08T21:10:11 IST" data-provider="productDetails" finished-at="2019-11-08T21:10:15 IST">
          <params>
            <param index="0">
              <value>
                <![CDATA[macBook Air]]>
              </value>
            </param>
            <param index="1">
              <value>
                <![CDATA[3.0]]>
              </value>
            </param>
            <param index="2">
              <value>
                <![CDATA[1202.0]]>
              </value>
            </param>
            <param index="3">
              <value>
                <![CDATA[1000.0]]>
              </value>
            </param>
          </params>
          <reporter-output>
          </reporter-output>
        </test-method> <!-- scenario -->
        <test-method status="PASS" signature="validateItemsInCart()[pri:3, instance:com.tutoralninja.testscenario.TutorialNinjaProductValidationScenaio@553a3d88]" name="validateItemsInCart" duration-ms="4020" started-at="2019-11-08T21:10:15 IST" finished-at="2019-11-08T21:10:19 IST">
          <reporter-output>
          </reporter-output>
        </test-method> <!-- validateItemsInCart -->
      </class> <!-- com.tutoralninja.testscenario.TutorialNinjaProductValidationScenaio -->
    </test> <!-- Test2 -->
  </suite> <!-- Suite1 -->
  <suite name="Test-class Suite" duration-ms="0" started-at="2019-11-08T21:10:19 IST" finished-at="2019-11-08T21:10:19 IST">
    <groups>
    </groups>
  </suite> <!-- Test-class Suite -->
</testng-results>
